<?xml version="1.0" encoding="UTF-8"?>
<!-- Generated by org.testng.reporters.JUnitXMLReporter -->
<testsuite ignored="0" hostname="DESKTOP-6GPMAFF" failures="0" tests="4" name="Test" time="0.074" errors="0" timestamp="2021-08-15T11:34:42 IST">
  <testcase classname="SabhiAcademy.SeleniumTest" name="BrowserAuto" time="0.006"/>
  <testcase classname="SabhiAcademy.SeleniumTest" name="ElementUi" time="0.001"/>
  <testcase classname="SabhiAcademy.RestAPITest" name="TestA" time="0.0"/>
  <testcase classname="SabhiAcademy.RestAPITest" name="TestAp" time="0.0"/>
</testsuite> <!-- Test -->
