<?xml version="1.0" encoding="UTF-8"?>
<testng-results ignored="0" total="4" passed="4" failed="0" skipped="0">
  <reporter-output>
  </reporter-output>
  <suite started-at="2021-08-15T11:34:42 IST" name="Suite" finished-at="2021-08-15T11:34:42 IST" duration-ms="74">
    <groups>
    </groups>
    <test started-at="2021-08-15T11:34:42 IST" name="Test" finished-at="2021-08-15T11:34:42 IST" duration-ms="74">
      <class name="SabhiAcademy.RestAPITest">
        <test-method signature="TestA()[pri:0, instance:SabhiAcademy.RestAPITest@7adda9cc]" started-at="2021-08-15T11:34:42 IST" name="TestA" finished-at="2021-08-15T11:34:42 IST" duration-ms="0" status="PASS">
          <reporter-output>
          </reporter-output>
        </test-method> <!-- TestA -->
        <test-method signature="TestAp()[pri:0, instance:SabhiAcademy.RestAPITest@7adda9cc]" started-at="2021-08-15T11:34:42 IST" name="TestAp" finished-at="2021-08-15T11:34:42 IST" duration-ms="0" status="PASS">
          <reporter-output>
          </reporter-output>
        </test-method> <!-- TestAp -->
      </class> <!-- SabhiAcademy.RestAPITest -->
      <class name="SabhiAcademy.SeleniumTest">
        <test-method signature="BrowserAuto()[pri:0, instance:SabhiAcademy.SeleniumTest@4313f5bc]" started-at="2021-08-15T11:34:42 IST" name="BrowserAuto" finished-at="2021-08-15T11:34:42 IST" duration-ms="6" status="PASS">
          <reporter-output>
          </reporter-output>
        </test-method> <!-- BrowserAuto -->
        <test-method signature="ElementUi()[pri:0, instance:SabhiAcademy.SeleniumTest@4313f5bc]" started-at="2021-08-15T11:34:42 IST" name="ElementUi" finished-at="2021-08-15T11:34:42 IST" duration-ms="1" status="PASS">
          <reporter-output>
          </reporter-output>
        </test-method> <!-- ElementUi -->
      </class> <!-- SabhiAcademy.SeleniumTest -->
    </test> <!-- Test -->
  </suite> <!-- Suite -->
</testng-results>
