<?xml version="1.0" encoding="UTF-8"?>
<testng-results ignored="0" total="2" passed="2" failed="0" skipped="0">
  <reporter-output>
  </reporter-output>
  <suite started-at="2021-08-14T21:54:57 IST" name="Default suite" finished-at="2021-08-14T21:54:57 IST" duration-ms="89">
    <groups>
    </groups>
    <test started-at="2021-08-14T21:54:57 IST" name="Default test" finished-at="2021-08-14T21:54:57 IST" duration-ms="89">
      <class name="SabhiAcademy.ApiumTest">
        <test-method signature="Apium()[pri:0, instance:SabhiAcademy.ApiumTest@6b8ca3c8]" started-at="2021-08-14T21:54:57 IST" name="Apium" finished-at="2021-08-14T21:54:57 IST" duration-ms="13" status="PASS">
          <reporter-output>
          </reporter-output>
        </test-method> <!-- Apium -->
        <test-method signature="ApiumTeAst()[pri:0, instance:SabhiAcademy.ApiumTest@6b8ca3c8]" started-at="2021-08-14T21:54:57 IST" name="ApiumTeAst" finished-at="2021-08-14T21:54:57 IST" duration-ms="2" status="PASS">
          <reporter-output>
          </reporter-output>
        </test-method> <!-- ApiumTeAst -->
      </class> <!-- SabhiAcademy.ApiumTest -->
    </test> <!-- Default test -->
  </suite> <!-- Default suite -->
</testng-results>
